======================================================================
Active Learning Agent for 3C PINN Optimization
======================================================================

Configuration:
  Baseline checkpoint: checkpoints_3d/pinn_3c/checkpoints_20260502_095025/best_model.pt
  Output directory: active_learning_runs/al_pinn3c_v1
  Experiment name: al_pinn3c_v1
  Seed: 42

Dataset sizes:
  Train base: 5000
  Candidate pool: 10000
  Val fixed: 500
  Test fixed: 500

AL parameters:
  Hard ratio: 0.3
  Top-K ratio: 0.15
  Augmentations per seed: 4
  Max rounds: 3
  Improvement threshold: 0.01

Fine-tuning:
  LR ratio: 0.3
  Finetune epochs: 20
  Early stopping patience: 8

======================================================================
ACTIVE LEARNING AGENT SETUP
======================================================================
Generating test_fixed (500 samples)...
Generating val_fixed (500 samples)...
Generating candidate_pool (10000 samples)...
Generating train_base (5000 samples)...
Generated new splits and saved to active_learning_runs/al_pinn3c_v1/data_splits/splits_metadata.json

Data Splits:
  train_base: 5000 samples (seeds 11042-16041)
  candidate_pool: 10000 samples (seeds 1042-11041)
  val_fixed: 500 samples (seeds 542-1041)
  test_fixed: 500 samples (seeds 42-541)

Evaluating baseline model...

Evaluating baseline: checkpoints_3d/pinn_3c/checkpoints_20260502_095025/best_model.pt

======================================================================
BASELINE METRICS
======================================================================

Samples: 500

Standard Metrics:
  MSE:  0.000028 +/- 0.000010
  MAE:  0.000470 +/- 0.000011
  DEI:  0.499580 +/- 0.243136

Worst-Case (95th Percentile):
  MSE:  0.000044
  MAE:  0.000483
  DEI:  0.984340

Per-Failure-Type Metrics:

  HIGH_EXCHANGE (n=83):
    MSE:  0.000025
    MAE:  0.000470
    DEI:  0.459644

  SMALL_SEPARATION (n=500):
    MSE:  0.000028
    MAE:  0.000470
    DEI:  0.499580

  HIGH_NOISE (n=144):
    MSE:  0.000028
    MAE:  0.000471
    DEI:  0.515632

  LOW_NOISE (n=93):
    MSE:  0.000029
    MAE:  0.000469
    DEI:  0.513021

  HIGH_DEI (n=91):
    MSE:  0.000017
    MAE:  0.000467
    DEI:  0.409008

  LOW_DEI (n=143):
    MSE:  0.000033
    MAE:  0.000472
    DEI:  0.531394

======================================================================

Setup complete!

======================================================================
STARTING ACTIVE LEARNING LOOP
======================================================================
Max rounds: 3
Improvement threshold: 1.0%
Hard ratio: 30%
Top-K ratio: 15%
======================================================================

######################################################################
# ROUND 1 / 3
######################################################################

[Step 1] Scoring candidate pool...

============================================================
HARD CASE SCORING SUMMARY
============================================================

Total samples: 10000

Forward Residual:
  Mean: 37.321423
  Std:  43.717252
  P95:  131.485283

DEI Error:
  Mean: 0.508420
  Std:  0.244280
  P95:  1.003279

Off-Diagonal MAE:
  Mean: 0.000148
  Std:  0.000046
  P95:  0.000236

Total MAE:
  Mean: 0.000470
  P95:  0.000483

Composite Score:
  Mean: 0.0000
  Std:  1.4728
  Max:  7.0989
============================================================

Selected 1500 hard seeds (top 15%)

[Step 2] Attributing failures...

======================================================================
FAILURE TYPE ATTRIBUTION SUMMARY
======================================================================

Total hard seeds: 27
Failure types detected: 9

By Failure Type:
----------------------------------------------------------------------

HIGH_EXCHANGE (3 samples)
  Description: High exchange rates (>10 s^-1 mean)
  - Seed 10528: 
      DEI=0.585, 
      noise=0.0074, 
      separation=0
      score=7.099
  - Seed 4477: 
      DEI=0.890, 
      noise=0.0095, 
      separation=0
      score=6.030
  - Seed 7868: 
      DEI=0.662, 
      noise=0.0066, 
      separation=0
      score=5.741

SMALL_SEPARATION (3 samples)
  Description: Small peak separation (<8 bins)
  - Seed 10528: 
      DEI=0.585, 
      noise=0.0074, 
      separation=0
      score=7.099
  - Seed 9828: 
      DEI=0.293, 
      noise=0.0088, 
      separation=0
      score=6.848
  - Seed 7553: 
      DEI=0.599, 
      noise=0.0059, 
      separation=0
      score=6.805

EDGE_POSITION (3 samples)
  Description: Peaks near grid edges
  - Seed 10528: 
      DEI=0.585, 
      noise=0.0074, 
      separation=0
      score=7.099
  - Seed 9828: 
      DEI=0.293, 
      noise=0.0088, 
      separation=0
      score=6.848
  - Seed 7553: 
      DEI=0.599, 
      noise=0.0059, 
      separation=0
      score=6.805

HIGH_NOISE (3 samples)
  Description: High noise level (>0.012)
  - Seed 5672: 
      DEI=0.483, 
      noise=0.0133, 
      separation=0
      score=5.976
  - Seed 1174: 
      DEI=0.298, 
      noise=0.0130, 
      separation=0
      score=4.815
  - Seed 7704: 
      DEI=0.065, 
      noise=0.0125, 
      separation=0
      score=4.707

LOW_NOISE (3 samples)
  Description: Low noise level (<0.007)
  - Seed 7553: 
      DEI=0.599, 
      noise=0.0059, 
      separation=0
      score=6.805
  - Seed 7868: 
      DEI=0.662, 
      noise=0.0066, 
      separation=0
      score=5.741
  - Seed 1996: 
      DEI=0.443, 
      noise=0.0056, 
      separation=0
      score=5.506

VF_IMBALANCED (3 samples)
  Description: Imbalanced volume fractions
  - Seed 10528: 
      DEI=0.585, 
      noise=0.0074, 
      separation=0
      score=7.099
  - Seed 9828: 
      DEI=0.293, 
      noise=0.0088, 
      separation=0
      score=6.848
  - Seed 10549: 
      DEI=0.369, 
      noise=0.0112, 
      separation=0
      score=6.539

ASYMMETRIC_RATES (3 samples)
  Description: Asymmetric exchange rates
  - Seed 10528: 
      DEI=0.585, 
      noise=0.0074, 
      separation=0
      score=7.099
  - Seed 9828: 
      DEI=0.293, 
      noise=0.0088, 
      separation=0
      score=6.848
  - Seed 7553: 
      DEI=0.599, 
      noise=0.0059, 
      separation=0
      score=6.805

HIGH_DEI (3 samples)
  Description: High DEI (>0.3, strong exchange)
  - Seed 10528: 
      DEI=0.585, 
      noise=0.0074, 
      separation=0
      score=7.099
  - Seed 7553: 
      DEI=0.599, 
      noise=0.0059, 
      separation=0
      score=6.805
  - Seed 10549: 
      DEI=0.369, 
      noise=0.0112, 
      separation=0
      score=6.539

LOW_DEI (3 samples)
  Description: Low DEI (<0.05, weak exchange)
  - Seed 10151: 
      DEI=0.004, 
      noise=0.0134, 
      separation=0
      score=4.422
  - Seed 10772: 
      DEI=0.034, 
      noise=0.0093, 
      separation=0
      score=4.373
  - Seed 10697: 
      DEI=0.015, 
      noise=0.0150, 
      separation=0
      score=4.197

======================================================================


[Step 3] Augmenting hard cases...
Augmentation targets: 13 seeds
Generated 52 augmented samples

[Step 4] Fine-tuning model...

============================================================
Fine-tuning Round 1
============================================================
Loaded baseline from checkpoints_3d/pinn_3c/checkpoints_20260502_095025/best_model.pt
  Training set: 5000 base + 52 augmented = 5052 total
Epoch   1/20 | Train: 0.0101 | Val: 0.0007 | LR: 3.00e-04 | 10.4s (improved)
Epoch   2/20 | Train: 0.0078 | Val: 0.0006 | LR: 3.00e-04 | 9.5s
Epoch   3/20 | Train: 0.0074 | Val: 0.0006 | LR: 3.00e-04 | 9.6s
Epoch   4/20 | Train: 0.0076 | Val: 0.0006 | LR: 3.00e-04 | 9.7s
Epoch   5/20 | Train: 0.0072 | Val: 0.0007 | LR: 3.00e-04 | 9.8s
Epoch   6/20 | Train: 0.0074 | Val: 0.0007 | LR: 3.00e-04 | 9.8s
Epoch   7/20 | Train: 0.0072 | Val: 0.0007 | LR: 3.00e-04 | 9.9s
Epoch   8/20 | Train: 0.0071 | Val: 0.0006 | LR: 3.00e-04 | 10.0s
Epoch   9/20 | Train: 0.0074 | Val: 0.0006 | LR: 3.00e-04 | 10.1s (improved)
Epoch  10/20 | Train: 0.0070 | Val: 0.0006 | LR: 3.00e-04 | 10.1s
Epoch  11/20 | Train: 0.0071 | Val: 0.0006 | LR: 3.00e-04 | 10.2s
Epoch  12/20 | Train: 0.0071 | Val: 0.0005 | LR: 3.00e-04 | 10.2s
Epoch  13/20 | Train: 0.0070 | Val: 0.0006 | LR: 3.00e-04 | 10.3s
Epoch  14/20 | Train: 0.0070 | Val: 0.0006 | LR: 3.00e-04 | 10.3s
Epoch  15/20 | Train: 0.0072 | Val: 0.0006 | LR: 3.00e-04 | 10.4s
Epoch  16/20 | Train: 0.0072 | Val: 0.0005 | LR: 3.00e-04 | 10.4s
Epoch  17/20 | Train: 0.0070 | Val: 0.0006 | LR: 3.00e-04 | 10.4s

Early stopping at epoch 17

Round 1 checkpoint saved to active_learning_runs/al_pinn3c_v1/checkpoints/best_model_round_0.pt
Best validation loss: 0.000555 at epoch 9
Training time: 171.1s

[Step 5] Evaluating round...

--------------------------------------------------
METRIC COMPARISON (vs Baseline)
--------------------------------------------------
  MSE Mean            : 0.000028 (worsened 0.73%)
  MAE Mean            : 0.000469 (improved 0.25%)
  DEI Error Mean      : 0.372638 (improved 25.41%)
  MSE P95             : 0.000045 (worsened 2.13%)
  MAE P95             : 0.000483 (worsened 0.04%)
  DEI Error P95       : 0.640497 (improved 34.93%)
--------------------------------------------------

Round 1 completed in 211.1s

######################################################################
# ROUND 2 / 3
######################################################################

[Step 1] Scoring candidate pool...

============================================================
HARD CASE SCORING SUMMARY
============================================================

Total samples: 10000

Forward Residual:
  Mean: 29.470809
  Std:  36.535804
  P95:  108.906281

DEI Error:
  Mean: 0.376468
  Std:  0.170590
  P95:  0.655268

Off-Diagonal MAE:
  Mean: 0.000134
  Std:  0.000049
  P95:  0.000228

Total MAE:
  Mean: 0.000469
  P95:  0.000483

Composite Score:
  Mean: -0.0000
  Std:  1.5111
  Max:  9.3626
============================================================

Selected 1500 hard seeds (top 15%)

[Step 2] Attributing failures...

======================================================================
FAILURE TYPE ATTRIBUTION SUMMARY
======================================================================

Total hard seeds: 27
Failure types detected: 9

By Failure Type:
----------------------------------------------------------------------

HIGH_EXCHANGE (3 samples)
  Description: High exchange rates (>10 s^-1 mean)
  - Seed 6112: 
      DEI=0.387, 
      noise=0.0073, 
      separation=0
      score=8.787
  - Seed 1996: 
      DEI=0.443, 
      noise=0.0056, 
      separation=0
      score=7.824
  - Seed 10528: 
      DEI=0.585, 
      noise=0.0074, 
      separation=0
      score=7.661

SMALL_SEPARATION (3 samples)
  Description: Small peak separation (<8 bins)
  - Seed 9828: 
      DEI=0.293, 
      noise=0.0088, 
      separation=0
      score=9.363
  - Seed 6112: 
      DEI=0.387, 
      noise=0.0073, 
      separation=0
      score=8.787
  - Seed 10549: 
      DEI=0.369, 
      noise=0.0112, 
      separation=0
      score=8.572

EDGE_POSITION (3 samples)
  Description: Peaks near grid edges
  - Seed 9828: 
      DEI=0.293, 
      noise=0.0088, 
      separation=0
      score=9.363
  - Seed 6112: 
      DEI=0.387, 
      noise=0.0073, 
      separation=0
      score=8.787
  - Seed 10549: 
      DEI=0.369, 
      noise=0.0112, 
      separation=0
      score=8.572

HIGH_NOISE (3 samples)
  Description: High noise level (>0.012)
  - Seed 5672: 
      DEI=0.483, 
      noise=0.0133, 
      separation=0
      score=6.979
  - Seed 1174: 
      DEI=0.298, 
      noise=0.0130, 
      separation=0
      score=6.255
  - Seed 5780: 
      DEI=0.260, 
      noise=0.0146, 
      separation=0
      score=5.906

LOW_NOISE (3 samples)
  Description: Low noise level (<0.007)
  - Seed 1996: 
      DEI=0.443, 
      noise=0.0056, 
      separation=0
      score=7.824
  - Seed 9219: 
      DEI=0.179, 
      noise=0.0053, 
      separation=0
      score=7.250
  - Seed 6690: 
      DEI=0.563, 
      noise=0.0065, 
      separation=0
      score=7.078

VF_IMBALANCED (3 samples)
  Description: Imbalanced volume fractions
  - Seed 9828: 
      DEI=0.293, 
      noise=0.0088, 
      separation=0
      score=9.363
  - Seed 6112: 
      DEI=0.387, 
      noise=0.0073, 
      separation=0
      score=8.787
  - Seed 10549: 
      DEI=0.369, 
      noise=0.0112, 
      separation=0
      score=8.572

ASYMMETRIC_RATES (3 samples)
  Description: Asymmetric exchange rates
  - Seed 9828: 
      DEI=0.293, 
      noise=0.0088, 
      separation=0
      score=9.363
  - Seed 6112: 
      DEI=0.387, 
      noise=0.0073, 
      separation=0
      score=8.787
  - Seed 10549: 
      DEI=0.369, 
      noise=0.0112, 
      separation=0
      score=8.572

HIGH_DEI (3 samples)
  Description: High DEI (>0.3, strong exchange)
  - Seed 6112: 
      DEI=0.387, 
      noise=0.0073, 
      separation=0
      score=8.787
  - Seed 10549: 
      DEI=0.369, 
      noise=0.0112, 
      separation=0
      score=8.572
  - Seed 1996: 
      DEI=0.443, 
      noise=0.0056, 
      separation=0
      score=7.824

LOW_DEI (3 samples)
  Description: Low DEI (<0.05, weak exchange)
  - Seed 6334: 
      DEI=0.013, 
      noise=0.0106, 
      separation=0
      score=5.146
  - Seed 7490: 
      DEI=0.008, 
      noise=0.0141, 
      separation=0
      score=4.466
  - Seed 4203: 
      DEI=0.015, 
      noise=0.0108, 
      separation=0
      score=4.390

======================================================================


[Step 3] Augmenting hard cases...
Augmentation targets: 13 seeds
Generated 52 augmented samples

[Step 4] Fine-tuning model...

============================================================
Fine-tuning Round 2
============================================================
Loaded baseline from active_learning_runs/al_pinn3c_v1/checkpoints/best_model_round_0.pt
  Training set: 5000 base + 52 augmented = 5052 total
Epoch   1/20 | Train: 0.0073 | Val: 0.0006 | LR: 3.00e-04 | 10.2s (improved)
Epoch   2/20 | Train: 0.0071 | Val: 0.0006 | LR: 3.00e-04 | 10.2s
Epoch   3/20 | Train: 0.0072 | Val: 0.0006 | LR: 3.00e-04 | 10.3s
Epoch   4/20 | Train: 0.0071 | Val: 0.0006 | LR: 3.00e-04 | 10.4s
Epoch   5/20 | Train: 0.0072 | Val: 0.0007 | LR: 3.00e-04 | 10.4s
Epoch   6/20 | Train: 0.0072 | Val: 0.0006 | LR: 3.00e-04 | 10.4s
Epoch   7/20 | Train: 0.0070 | Val: 0.0006 | LR: 3.00e-04 | 10.5s
Epoch   8/20 | Train: 0.0071 | Val: 0.0006 | LR: 3.00e-04 | 10.5s
Epoch   9/20 | Train: 0.0072 | Val: 0.0006 | LR: 3.00e-04 | 10.6s

Early stopping at epoch 9

Round 2 checkpoint saved to active_learning_runs/al_pinn3c_v1/checkpoints/best_model_round_1.pt
Best validation loss: 0.000569 at epoch 1
Training time: 93.5s

[Step 5] Evaluating round...

--------------------------------------------------
METRIC COMPARISON (vs Baseline)
--------------------------------------------------
  MSE Mean            : 0.000028 (worsened 0.79%)
  MAE Mean            : 0.000469 (improved 0.29%)
  DEI Error Mean      : 0.349896 (improved 29.96%)
  MSE P95             : 0.000045 (worsened 1.99%)
  MAE P95             : 0.000482 (improved 0.04%)
  DEI Error P95       : 0.658485 (improved 33.10%)
--------------------------------------------------

Round 2 completed in 129.4s

######################################################################
# ROUND 3 / 3
######################################################################

[Step 1] Scoring candidate pool...

============================================================
HARD CASE SCORING SUMMARY
============================================================

Total samples: 10000

Forward Residual:
  Mean: 32.342566
  Std:  39.484185
  P95:  115.631678

DEI Error:
  Mean: 0.351613
  Std:  0.173543
  P95:  0.658404

Off-Diagonal MAE:
  Mean: 0.000131
  Std:  0.000050
  P95:  0.000225

Total MAE:
  Mean: 0.000468
  P95:  0.000482

Composite Score:
  Mean: 0.0000
  Std:  1.4816
  Max:  7.0412
============================================================

Selected 1500 hard seeds (top 15%)

[Step 2] Attributing failures...

======================================================================
FAILURE TYPE ATTRIBUTION SUMMARY
======================================================================

Total hard seeds: 27
Failure types detected: 9

By Failure Type:
----------------------------------------------------------------------

HIGH_EXCHANGE (3 samples)
  Description: High exchange rates (>10 s^-1 mean)
  - Seed 6112: 
      DEI=0.387, 
      noise=0.0073, 
      separation=0
      score=6.859
  - Seed 1996: 
      DEI=0.443, 
      noise=0.0056, 
      separation=0
      score=6.622
  - Seed 10528: 
      DEI=0.585, 
      noise=0.0074, 
      separation=0
      score=6.480

SMALL_SEPARATION (3 samples)
  Description: Small peak separation (<8 bins)
  - Seed 9828: 
      DEI=0.293, 
      noise=0.0088, 
      separation=0
      score=7.041
  - Seed 10549: 
      DEI=0.369, 
      noise=0.0112, 
      separation=0
      score=7.030
  - Seed 6112: 
      DEI=0.387, 
      noise=0.0073, 
      separation=0
      score=6.859

EDGE_POSITION (3 samples)
  Description: Peaks near grid edges
  - Seed 9828: 
      DEI=0.293, 
      noise=0.0088, 
      separation=0
      score=7.041
  - Seed 10549: 
      DEI=0.369, 
      noise=0.0112, 
      separation=0
      score=7.030
  - Seed 6112: 
      DEI=0.387, 
      noise=0.0073, 
      separation=0
      score=6.859

HIGH_NOISE (3 samples)
  Description: High noise level (>0.012)
  - Seed 5672: 
      DEI=0.483, 
      noise=0.0133, 
      separation=0
      score=6.011
  - Seed 10312: 
      DEI=0.479, 
      noise=0.0138, 
      separation=0
      score=5.527
  - Seed 2055: 
      DEI=0.591, 
      noise=0.0146, 
      separation=0
      score=5.417

LOW_NOISE (3 samples)
  Description: Low noise level (<0.007)
  - Seed 1996: 
      DEI=0.443, 
      noise=0.0056, 
      separation=0
      score=6.622
  - Seed 7868: 
      DEI=0.662, 
      noise=0.0066, 
      separation=0
      score=6.070
  - Seed 6690: 
      DEI=0.563, 
      noise=0.0065, 
      separation=0
      score=5.756

VF_IMBALANCED (3 samples)
  Description: Imbalanced volume fractions
  - Seed 9828: 
      DEI=0.293, 
      noise=0.0088, 
      separation=0
      score=7.041
  - Seed 10549: 
      DEI=0.369, 
      noise=0.0112, 
      separation=0
      score=7.030
  - Seed 6112: 
      DEI=0.387, 
      noise=0.0073, 
      separation=0
      score=6.859

ASYMMETRIC_RATES (3 samples)
  Description: Asymmetric exchange rates
  - Seed 9828: 
      DEI=0.293, 
      noise=0.0088, 
      separation=0
      score=7.041
  - Seed 10549: 
      DEI=0.369, 
      noise=0.0112, 
      separation=0
      score=7.030
  - Seed 6112: 
      DEI=0.387, 
      noise=0.0073, 
      separation=0
      score=6.859

HIGH_DEI (3 samples)
  Description: High DEI (>0.3, strong exchange)
  - Seed 10549: 
      DEI=0.369, 
      noise=0.0112, 
      separation=0
      score=7.030
  - Seed 6112: 
      DEI=0.387, 
      noise=0.0073, 
      separation=0
      score=6.859
  - Seed 1996: 
      DEI=0.443, 
      noise=0.0056, 
      separation=0
      score=6.622

LOW_DEI (3 samples)
  Description: Low DEI (<0.05, weak exchange)
  - Seed 10151: 
      DEI=0.004, 
      noise=0.0134, 
      separation=0
      score=4.519
  - Seed 10697: 
      DEI=0.015, 
      noise=0.0150, 
      separation=0
      score=4.476
  - Seed 7490: 
      DEI=0.008, 
      noise=0.0141, 
      separation=0
      score=4.191

======================================================================


[Step 3] Augmenting hard cases...
Augmentation targets: 13 seeds
Generated 52 augmented samples

[Step 4] Fine-tuning model...

============================================================
Fine-tuning Round 3
============================================================
Loaded baseline from active_learning_runs/al_pinn3c_v1/checkpoints/best_model_round_1.pt
  Training set: 5000 base + 52 augmented = 5052 total
Epoch   1/20 | Train: 0.0072 | Val: 0.0006 | LR: 3.00e-04 | 10.3s (improved)
Epoch   2/20 | Train: 0.0070 | Val: 0.0006 | LR: 3.00e-04 | 10.3s
Epoch   3/20 | Train: 0.0074 | Val: 0.0006 | LR: 3.00e-04 | 10.4s
Epoch   4/20 | Train: 0.0073 | Val: 0.0006 | LR: 3.00e-04 | 10.4s
Epoch   5/20 | Train: 0.0073 | Val: 0.0006 | LR: 3.00e-04 | 10.4s
Epoch   6/20 | Train: 0.0072 | Val: 0.0006 | LR: 3.00e-04 | 10.5s
Epoch   7/20 | Train: 0.0072 | Val: 0.0006 | LR: 3.00e-04 | 10.5s
Epoch   8/20 | Train: 0.0070 | Val: 0.0006 | LR: 3.00e-04 | 10.6s
Epoch   9/20 | Train: 0.0071 | Val: 0.0005 | LR: 3.00e-04 | 10.6s

Early stopping at epoch 9

Round 3 checkpoint saved to active_learning_runs/al_pinn3c_v1/checkpoints/best_model_round_2.pt
Best validation loss: 0.000585 at epoch 1
Training time: 94.0s

[Step 5] Evaluating round...

--------------------------------------------------
METRIC COMPARISON (vs Baseline)
--------------------------------------------------
  MSE Mean            : 0.000028 (worsened 0.53%)
  MAE Mean            : 0.000468 (improved 0.30%)
  DEI Error Mean      : 0.402004 (improved 19.53%)
  MSE P95             : 0.000045 (worsened 1.83%)
  MAE P95             : 0.000483 (worsened 0.05%)
  DEI Error P95       : 0.724316 (improved 26.42%)
--------------------------------------------------

Round 3 completed in 128.6s

======================================================================
ACTIVE LEARNING COMPLETE
======================================================================
Total time: 469.2s (7.8 minutes)
Rounds completed: 3

Ablation table saved to active_learning_runs/al_pinn3c_v1/ablation_table.csv

Results saved to active_learning_runs/al_pinn3c_v1

======================================================================
ACTIVE LEARNING SUMMARY
======================================================================

Baseline Metrics:
  MSE:  0.000028
  MAE:  0.000470
  DEI:  0.499580

Rounds completed: 3

Round 1:
  MSE:  0.000028 (-0.73%)
  MAE:  0.000469 (+0.25%)
  DEI:  0.372638 (+25.41%)

Round 2:
  MSE:  0.000028 (-0.79%)
  MAE:  0.000469 (+0.29%)
  DEI:  0.349896 (+29.96%)

Round 3:
  MSE:  0.000028 (-0.53%)
  MAE:  0.000468 (+0.30%)
  DEI:  0.402004 (+19.53%)

======================================================================

Done!
